<?xml version="1.0" encoding="UTF-8"?>
<!-- Generated by org.testng.reporters.JUnitReportReporter -->
<testsuite hostname="DESKTOP-QE4MRKF" failures="0" tests="2" name="com.app.test.DataProvider" time="0.048" errors="0" timestamp="2023-10-12T16:24:33 IST" skipped="0">
  <testcase classname="com.app.test.DataProvider" name="test" time="0.017"/>
  <system-out/>
  <testcase classname="com.app.test.DataProvider" name="test" time="0.031"/>
  <system-out/>
</testsuite> <!-- com.app.test.DataProvider -->
